<?xml version="1.0" encoding="UTF-8"?>
<testsuite xmlns:xsi="http://www.w3.org/2001/XMLSchema-instance" xsi:noNamespaceSchemaLocation="https://maven.apache.org/surefire/maven-surefire-plugin/xsd/surefire-test-report-3.0.xsd" version="3.0" name="UnitTest.KingUnitTest" time="0.002" tests="4" errors="0" skipped="0" failures="0">
  <properties>
[...]
</properties>
  <testcase name="testKingValidMove" classname="UnitTest.KingUnitTest" time="0"/>
  <testcase name="testKingInvalidMove" classname="UnitTest.KingUnitTest" time="0"/>
  <testcase name="testKingInitialization" classname="UnitTest.KingUnitTest" time="0"/>
  <testcase name="testGetValidMoves" classname="UnitTest.KingUnitTest" time="0">
    <system-out><![CDATA[King is under attack!
]]></system-out>
  </testcase>
</testsuite>